<?xml version="1.0" encoding="UTF-8"?>
<!-- Generated by org.testng.reporters.JUnitReportReporter -->
<testsuite hostname="Pebbles" failures="0" tests="5" name="com.runner.RunnerForSalesforce" time="59.423" errors="0" timestamp="2023-03-03T11:30:48 EST" skipped="0">
  <testcase classname="com.runner.RunnerForSalesforce" name="runScenario" time="19.320"/>
  <system-out/>
  <testcase classname="com.runner.RunnerForSalesforce" name="runScenario" time="8.635"/>
  <system-out/>
  <testcase classname="com.runner.RunnerForSalesforce" name="runScenario" time="9.730"/>
  <system-out/>
  <testcase classname="com.runner.RunnerForSalesforce" name="runScenario" time="7.545"/>
  <system-out/>
  <testcase classname="com.runner.RunnerForSalesforce" name="runScenario" time="14.193"/>
  <system-out/>
</testsuite> <!-- com.runner.RunnerForSalesforce -->
