<?xml version="1.0" encoding="UTF-8"?>
<!-- Generated by org.testng.reporters.JUnitReportReporter -->
<testsuite hostname="Pebbles" failures="0" tests="5" name="com.tests.SalesforceTestAutomation" time="92.543" errors="0" timestamp="2023-02-17T15:20:17 EST" skipped="0">
  <testcase classname="com.tests.SalesforceTestAutomation" name="salesforceLoginTc2" time="21.683"/>
  <system-out/>
  <testcase classname="com.tests.SalesforceTestAutomation" name="forgotPasswordTc4" time="15.569"/>
  <system-out/>
  <testcase classname="com.tests.SalesforceTestAutomation" name="salesforceLoginErrorTc1" time="10.203"/>
  <system-out/>
  <testcase classname="com.tests.SalesforceTestAutomation" name="forgotPasswordTc4a" time="25.437"/>
  <system-out/>
  <testcase classname="com.tests.SalesforceTestAutomation" name="rememberMeTc3" time="19.651"/>
  <system-out/>
</testsuite> <!-- com.tests.SalesforceTestAutomation -->
